TN:
SF:src/note.ts
FN:4,(anonymous_0)
FN:10,(anonymous_1)
FN:20,(anonymous_2)
FN:24,(anonymous_3)
FN:28,(anonymous_4)
FN:32,(anonymous_5)
FN:36,(anonymous_6)
FN:40,(anonymous_7)
FNF:8
FNH:7
FNDA:0,(anonymous_0)
FNDA:5,(anonymous_1)
FNDA:16,(anonymous_2)
FNDA:1,(anonymous_3)
FNDA:5,(anonymous_4)
FNDA:1,(anonymous_5)
FNDA:5,(anonymous_6)
FNDA:1,(anonymous_7)
DA:1,1
DA:4,1
DA:5,1
DA:15,5
DA:16,5
DA:17,5
DA:21,16
DA:25,1
DA:29,5
DA:33,1
DA:37,5
DA:41,1
LF:12
LH:12
BRDA:12,0,0,0
BRDA:13,1,0,0
BRF:2
BRH:0
end_of_record
TN:
SF:src/user.ts
FN:9,(anonymous_7)
FN:15,(anonymous_8)
FN:46,(anonymous_9)
FN:50,(anonymous_10)
FN:54,(anonymous_11)
FN:58,(anonymous_12)
FN:62,(anonymous_13)
FN:90,(anonymous_14)
FN:112,(anonymous_15)
FN:116,(anonymous_16)
FN:126,(anonymous_17)
FN:129,(anonymous_18)
FN:154,(anonymous_19)
FNF:13
FNH:10
FNDA:1,(anonymous_7)
FNDA:1,(anonymous_8)
FNDA:2,(anonymous_9)
FNDA:1,(anonymous_10)
FNDA:1,(anonymous_11)
FNDA:2,(anonymous_12)
FNDA:2,(anonymous_13)
FNDA:2,(anonymous_14)
FNDA:1,(anonymous_15)
FNDA:1,(anonymous_16)
FNDA:0,(anonymous_17)
FNDA:0,(anonymous_18)
FNDA:0,(anonymous_19)
DA:1,1
DA:2,1
DA:3,1
DA:5,1
DA:13,1
DA:14,1
DA:15,1
DA:16,1
DA:17,1
DA:18,1
DA:19,0
DA:20,0
DA:22,1
DA:23,0
DA:24,0
DA:27,1
DA:28,1
DA:33,0
DA:37,0
DA:38,0
DA:39,0
DA:47,2
DA:51,1
DA:55,1
DA:59,2
DA:63,2
DA:64,2
DA:65,2
DA:66,0
DA:67,0
DA:69,2
DA:70,0
DA:71,0
DA:74,2
DA:75,1
DA:79,1
DA:83,1
DA:84,1
DA:85,1
DA:91,2
DA:93,2
DA:94,0
DA:96,2
DA:98,2
DA:102,2
DA:103,2
DA:104,2
DA:107,0
DA:113,1
DA:115,1
DA:116,1
DA:117,1
DA:118,1
DA:121,0
DA:127,0
DA:128,0
DA:129,0
DA:130,0
DA:131,0
DA:133,0
DA:135,0
DA:136,0
DA:137,0
DA:139,0
DA:140,0
DA:142,0
DA:143,0
DA:145,0
DA:146,0
DA:148,0
DA:149,0
DA:155,0
DA:157,0
DA:158,0
DA:160,0
DA:161,0
DA:163,0
LF:77
LH:39
BRDA:11,0,0,0
BRDA:18,1,0,0
BRDA:18,1,1,1
BRDA:22,2,0,0
BRDA:22,2,1,1
BRDA:27,3,0,1
BRDA:27,3,1,0
BRDA:65,4,0,0
BRDA:65,4,1,2
BRDA:69,5,0,0
BRDA:69,5,1,2
BRDA:74,6,0,1
BRDA:74,6,1,1
BRDA:93,7,0,0
BRDA:93,7,1,2
BRDA:96,8,0,2
BRDA:96,8,1,0
BRDA:115,9,0,1
BRDA:115,9,1,0
BRDA:117,10,0,0
BRDA:117,10,1,1
BRDA:136,11,0,0
BRDA:136,11,1,0
BRDA:139,12,0,0
BRDA:139,12,1,0
BRDA:142,13,0,0
BRDA:142,13,1,0
BRDA:145,14,0,0
BRDA:145,14,1,0
BRDA:148,15,0,0
BRDA:148,15,1,0
BRDA:157,16,0,0
BRDA:157,16,1,0
BRF:33
BRH:11
end_of_record
